Arguments: 
  C:\Program Files\nodejs\node.exe C:\Users\Administrator\AppData\Roaming\npm\node_modules\yarn\bin\yarn.js add gulp-less

PATH: 
  C:\Users\Administrator\bin;D:\Program Files\Git\mingw64\bin;D:\Program Files\Git\usr\local\bin;D:\Program Files\Git\usr\bin;D:\Program Files\Git\usr\bin;D:\Program Files\Git\mingw64\bin;D:\Program Files\Git\usr\bin;C:\Users\Administrator\bin;C:\Program Files (x86)\Google\Chrome\Application;C:\GeneralData\GBase\Server\bin;C:\Program Files (x86)\NVIDIA Corporation\PhysX\Common;C:\Windows\system32;C:\Windows;C:\Windows\System32\Wbem;C:\Windows\System32\WindowsPowerShell\v1.0;D:\Program Files\TortoiseSVN\bin;D:\Program Files (x86)\SSH Communications Security\SSH Secure Shell;D:\Program Files (x86)\SSH Communications Security\SSH Secure Shell;D:\Program Files (x86)\SSH Communications Security\SSH Secure Shell;D:\Program Files (x86)\SSH Communications Security\SSH Secure Shell;D:\Program Files (x86)\ExcelServer;C:\Program Files (x86)\Cesoft\Excel Server2010;C:\Program Files (x86)\Microsoft SQL Server\100\Tools\Binn\VSShell\Common7\IDE;C:\Program Files (x86)\Microsoft SQL Server\100\Tools\Binn;C:\Program Files\Microsoft SQL Server\100\Tools\Binn;C:\Program Files (x86)\Microsoft SQL Server\100\DTS\Binn;C:\Program Files\Microsoft SQL Server\100\DTS\Binn;C:\Program Files (x86)\Microsoft Visual Studio 9.0\Common7\IDE\PrivateAssemblies;C:\WINDOWS\system32\pthreadVC2.dll;C:\Users\Administrator\AppData\Local\Programs\Python\Python35-32;C:\Program Files\nodejs;D:\Program Files\OpenVPN\bin;D:\Program Files\Git\cmd;D:\phpstudy\php\php-5.5.38;C:\ProgramData\ComposerSetup\bin;D:\HashiCorp\Vagrant\bin;D:\Program Files\VanDyke Software\SecureFX;D:\Program Files\Atom;C:\Program Files (x86)\Cesoft\Excel Server2010;D:\Program Files (x86)\ExcelServer;D:\Program Files (x86)\SSH Communications Security\SSH Secure Shell;C:\Users\Administrator\AppData\Roaming\npm;D:\Program Files\Git\usr\bin\vendor_perl;D:\Program Files\Git\usr\bin\core_perl

Yarn version: 
  0.24.5

Node version: 
  7.9.0

Platform: 
  win32 x64

npm manifest: 
  {
    "private": true,
    "scripts": {
      "prod": "gulp --production",
      "dev": "gulp watch"
    },
    "devDependencies": {
      "gulp": "^3.9.1",
      "laravel-elixir": "^5.0.0",
      "bootstrap-sass": "^3.0.0"
    }
  }

yarn manifest: 
  No manifest

Lockfile: 
  No lockfile

Trace: 
  Error: EEXIST: file already exists, mkdir 'C:\Users\Administrator\Code\Laravel\node_modules\chalk'
