Arguments: 
  /usr/bin/nodejs /usr/share/yarn/bin/yarn.js add gulp-less

PATH: 
  /home/vagrant/.composer/vendor/bin:/home/vagrant/bin:/home/vagrant/.local/bin:/usr/local/sbin:/usr/local/bin:/usr/sbin:/usr/bin:/sbin:/bin:/usr/games:/usr/local/games:/snap/bin

Yarn version: 
  0.18.1

Node version: 
  6.9.1

Platform: 
  linux x64

npm manifest: 
  No manifest

yarn manifest: 
  No manifest

Lockfile: 
  No lockfile

Trace: 
  Error: getaddrinfo EAI_AGAIN cdn.npm.taobao.org:443
      at Object.exports._errnoException (util.js:1026:11)
      at errnoException (dns.js:33:15)
      at GetAddrInfoReqWrap.onlookup [as oncomplete] (dns.js:76:26)
